Unity Editor version:    2021.2.12f1 (48b1aa000234)
Branch:                  2021.2/staging
Build type:              Release
Batch mode:              YES
macOS version:           Version 12.1 (Build 21C52)
Darwin version:          21.2.0
Architecture:            x86_64
Running under Rosetta:   NO
Available memory:        16384 MB
Using pre-set license
Pro License: NO

COMMAND LINE ARGUMENTS:
/Users/rikito/Desktop/App/Unity/2021.2.12f1/Unity.app/Contents/MacOS/Unity
-adb2
-batchMode
-noUpm
-name
AssetImportWorker2
-projectPath
/Users/rikito/App/Unity/yokosuku
-logFile
Logs/AssetImportWorker2.log
-srvPort
60043
Successfully changed project path to: /Users/rikito/App/Unity/yokosuku
/Users/rikito/App/Unity/yokosuku
[UnityMemory] Configuration Parameters - Can be set up in boot.config
    "memorysetup-bucket-allocator-granularity=16"
    "memorysetup-bucket-allocator-bucket-count=8"
    "memorysetup-bucket-allocator-block-size=33554432"
    "memorysetup-bucket-allocator-block-count=8"
    "memorysetup-main-allocator-block-size=16777216"
    "memorysetup-thread-allocator-block-size=16777216"
    "memorysetup-gfx-main-allocator-block-size=16777216"
    "memorysetup-gfx-thread-allocator-block-size=16777216"
    "memorysetup-cache-allocator-block-size=4194304"
    "memorysetup-typetree-allocator-block-size=2097152"
    "memorysetup-profiler-bucket-allocator-granularity=16"
    "memorysetup-profiler-bucket-allocator-bucket-count=8"
    "memorysetup-profiler-bucket-allocator-block-size=33554432"
    "memorysetup-profiler-bucket-allocator-block-count=8"
    "memorysetup-profiler-allocator-block-size=16777216"
    "memorysetup-profiler-editor-allocator-block-size=1048576"
    "memorysetup-temp-allocator-size-main=16777216"
    "memorysetup-job-temp-allocator-block-size=2097152"
    "memorysetup-job-temp-allocator-block-size-background=1048576"
    "memorysetup-job-temp-allocator-reduction-small-platforms=262144"
    "memorysetup-temp-allocator-size-background-worker=32768"
    "memorysetup-temp-allocator-size-job-worker=262144"
    "memorysetup-temp-allocator-size-preload-manager=33554432"
    "memorysetup-temp-allocator-size-nav-mesh-worker=65536"
    "memorysetup-temp-allocator-size-audio-worker=65536"
    "memorysetup-temp-allocator-size-cloud-worker=32768"
    "memorysetup-temp-allocator-size-gi-baking-worker=262144"
    "memorysetup-temp-allocator-size-gfx=262144"
Refreshing native plugins compatible for Editor in 108.36 ms, found 3 plugins.
Preloading 0 native plugins for Editor in 0.00 ms.
Initialize engine version: 2021.2.12f1 (48b1aa000234)
[Subsystems] Discovering subsystems at path /Users/rikito/Desktop/App/Unity/2021.2.12f1/Unity.app/Contents/Resources/UnitySubsystems
[Subsystems] Discovering subsystems at path /Users/rikito/App/Unity/yokosuku/Assets
GfxDevice: creating device client; threaded=0; jobified=0
Color LCD preferred device: Intel(R) UHD Graphics 630 (low power)
Metal devices available: 2
0: AMD Radeon Pro 5300M (high power)
1: Intel(R) UHD Graphics 630 (low power)
Using device AMD Radeon Pro 5300M (high power)
Initializing Metal device caps: AMD Radeon Pro 5300M
Initialize mono
Mono path[0] = '/Users/rikito/Desktop/App/Unity/2021.2.12f1/Unity.app/Contents/Managed'
Mono path[1] = '/Users/rikito/Desktop/App/Unity/2021.2.12f1/Unity.app/Contents/MonoBleedingEdge/lib/mono/unityjit-macos'
Mono config path = '/Users/rikito/Desktop/App/Unity/2021.2.12f1/Unity.app/Contents/MonoBleedingEdge/etc'
Using monoOptions --debugger-agent=transport=dt_socket,embedding=1,server=y,suspend=n,address=127.0.0.1:56919
Begin MonoManager ReloadAssembly
Registering precompiled unity dll's ...
Register platform support module: /Users/rikito/Desktop/App/Unity/2021.2.12f1/PlaybackEngines/WebGLSupport/UnityEditor.WebGL.Extensions.dll
Register platform support module: /Users/rikito/Desktop/App/Unity/2021.2.12f1/Unity.app/Contents/PlaybackEngines/MacStandaloneSupport/UnityEditor.OSXStandalone.Extensions.dll
Registered in 0.003948 seconds.
Native extension for OSXStandalone target not found
Native extension for WebGL target not found
Refreshing native plugins compatible for Editor in 94.90 ms, found 3 plugins.
Preloading 0 native plugins for Editor in 0.00 ms.
Mono: successfully reloaded assembly
- Completed reload, in  0.891 seconds
Domain Reload Profiling:
	ReloadAssembly (891ms)
		BeginReloadAssembly (167ms)
			ExecutionOrderSort (0ms)
			DisableScriptedObjects (0ms)
			BackupInstance (0ms)
			ReleaseScriptingObjects (0ms)
			CreateAndSetChildDomain (1ms)
		EndReloadAssembly (564ms)
			LoadAssemblies (168ms)
			RebuildTransferFunctionScriptingTraits (0ms)
			SetupTypeCache (147ms)
			ReleaseScriptCaches (0ms)
			RebuildScriptCaches (35ms)
			SetupLoadedEditorAssemblies (329ms)
				LogAssemblyErrors (0ms)
				InitializePlatformSupportModulesInManaged (8ms)
				SetLoadedEditorAssemblies (0ms)
				RefreshPlugins (95ms)
				BeforeProcessingInitializeOnLoad (1ms)
				ProcessInitializeOnLoadAttributes (172ms)
				ProcessInitializeOnLoadMethodAttributes (52ms)
				AfterProcessingInitializeOnLoad (0ms)
				EditorAssembliesLoaded (0ms)
			ExecutionOrderSort2 (0ms)
			AwakeInstancesAfterBackupRestoration (0ms)
Platform modules already initialized, skipping
Registering precompiled user dll's ...
Registered in 0.012563 seconds.
Begin MonoManager ReloadAssembly
Native extension for OSXStandalone target not found
Native extension for WebGL target not found
Refreshing native plugins compatible for Editor in 89.83 ms, found 3 plugins.
Preloading 0 native plugins for Editor in 0.00 ms.
Mono: successfully reloaded assembly
- Completed reload, in  3.148 seconds
Domain Reload Profiling:
	ReloadAssembly (3149ms)
		BeginReloadAssembly (136ms)
			ExecutionOrderSort (0ms)
			DisableScriptedObjects (6ms)
			BackupInstance (0ms)
			ReleaseScriptingObjects (0ms)
			CreateAndSetChildDomain (23ms)
		EndReloadAssembly (2878ms)
			LoadAssemblies (156ms)
			RebuildTransferFunctionScriptingTraits (0ms)
			SetupTypeCache (338ms)
			ReleaseScriptCaches (1ms)
			RebuildScriptCaches (69ms)
			SetupLoadedEditorAssemblies (2285ms)
				LogAssemblyErrors (0ms)
				InitializePlatformSupportModulesInManaged (4ms)
				SetLoadedEditorAssemblies (0ms)
				RefreshPlugins (90ms)
				BeforeProcessingInitializeOnLoad (73ms)
				ProcessInitializeOnLoadAttributes (2062ms)
				ProcessInitializeOnLoadMethodAttributes (55ms)
				AfterProcessingInitializeOnLoad (2ms)
				EditorAssembliesLoaded (0ms)
			ExecutionOrderSort2 (0ms)
			AwakeInstancesAfterBackupRestoration (5ms)
Platform modules already initialized, skipping
========================================================================
Worker process is ready to serve import requests
Launching external process: /Users/rikito/Desktop/App/Unity/2021.2.12f1/Unity.app/Contents/Tools/UnityShaderCompiler
Launched and connected shader compiler UnityShaderCompiler after 0.17 seconds
Refreshing native plugins compatible for Editor in 0.79 ms, found 3 plugins.
Preloading 0 native plugins for Editor in 0.00 ms.
Unloading 4869 Unused Serialized files (Serialized files now loaded: 0)
Unloading 34 unused Assets / (48.8 KB). Loaded Objects now: 5327.
Memory consumption went from 300.8 MB to 300.7 MB.
Total: 4.895878 ms (FindLiveObjects: 0.379789 ms CreateObjectMapping: 0.313156 ms MarkObjects: 4.103345 ms  DeleteObjects: 0.098553 ms)

AssetImportParameters requested are different than current active one (requested -> active):
  custom:video-decoder-ogg-theora: a1e56fd34408186e4bbccfd4996cb3dc -> 
  custom:container-muxer-webm: aa71ff27fc2769a1b78a27578f13a17b -> 
  custom:container-demuxer-webm: 4f35f7cbe854078d1ac9338744f61a02 -> 
  custom:video-encoder-webm-vp8: eb34c28f22e8b96e1ab97ce403110664 -> 
  custom:framework-osx-AVFoundation: e770b220cccbd017edd2c1fefb359320 -> 
  custom:audio-encoder-webm-vorbis: bf7c407c2cedff20999df2af8eb42d56 -> 
  custom:container-demuxer-ogg: 62fdf1f143b41e24485cea50d1cbac27 -> 
  custom:video-decoder-webm-vp8: 9c59270c3fd7afecdb556c50c9e8de78 -> 
  custom:audio-decoder-ogg-vorbis: bf7c407c2cedff20999df2af8eb42d56 -> 
========================================================================
Received Import Request.
  Time since last request: 67835.659877 seconds.
  path: Assets/Sunnyland/artwork/Sprites/Enemies/frog/jump/frog-jump-1.png
  artifactKey: Guid(54bcabc188c6640f1a298f013d4716df) Importer(815301076,1909f56bfc062723c751e8b465ee728b)
Start importing Assets/Sunnyland/artwork/Sprites/Enemies/frog/jump/frog-jump-1.png using Guid(54bcabc188c6640f1a298f013d4716df) Importer(815301076,1909f56bfc062723c751e8b465ee728b)  -> (artifact id: '1fe07159b71c8fb35e0672dc7394b1e1') in 1.370977 seconds 
========================================================================
Received Import Request.
  Time since last request: 30.084014 seconds.
  path: Assets/Sunnyland/artwork/Sprites/Enemies/frog/jump/jamp.anim
  artifactKey: Guid(f0b01e1aeafad4af3b934f58c27ff1d9) Importer(815301076,1909f56bfc062723c751e8b465ee728b)
Start importing Assets/Sunnyland/artwork/Sprites/Enemies/frog/jump/jamp.anim using Guid(f0b01e1aeafad4af3b934f58c27ff1d9) Importer(815301076,1909f56bfc062723c751e8b465ee728b)  -> (artifact id: 'ae324e1e81051af9c03bc89f648299f4') in 0.795149 seconds 
========================================================================
Received Import Request.
  Time since last request: 3.650816 seconds.
  path: Assets/Sunnyland/artwork/Sprites/Enemies/frog/jump/jump.anim
  artifactKey: Guid(f0b01e1aeafad4af3b934f58c27ff1d9) Importer(815301076,1909f56bfc062723c751e8b465ee728b)
Start importing Assets/Sunnyland/artwork/Sprites/Enemies/frog/jump/jump.anim using Guid(f0b01e1aeafad4af3b934f58c27ff1d9) Importer(815301076,1909f56bfc062723c751e8b465ee728b)  -> (artifact id: '2334c28660db0e3429dab651885f6e15') in 0.003071 seconds 
========================================================================
Received Import Request.
  Time since last request: 26.665809 seconds.
  path: Assets/Sunnyland/artwork/Sprites/Enemies/frog/idle/frog-idle-1.controller
  artifactKey: Guid(a68e90d109df743a787e19d7ffd7743e) Importer(815301076,1909f56bfc062723c751e8b465ee728b)
Start importing Assets/Sunnyland/artwork/Sprites/Enemies/frog/idle/frog-idle-1.controller using Guid(a68e90d109df743a787e19d7ffd7743e) Importer(815301076,1909f56bfc062723c751e8b465ee728b)  -> (artifact id: '88131ec66205cea3cbeb56314538325d') in 0.094883 seconds 
========================================================================
Received Import Request.
  Time since last request: 1.440775 seconds.
  path: Assets/Sunnyland/artwork/Sprites/Enemies/frog/idle/idle.anim
  artifactKey: Guid(19834c4555df14272a3f26a23a52ee18) Importer(815301076,1909f56bfc062723c751e8b465ee728b)
Start importing Assets/Sunnyland/artwork/Sprites/Enemies/frog/idle/idle.anim using Guid(19834c4555df14272a3f26a23a52ee18) Importer(815301076,1909f56bfc062723c751e8b465ee728b)  -> (artifact id: 'f263ddd2133339654668da6d22f5c83f') in 0.003378 seconds 
========================================================================
Received Import Request.
  Time since last request: 53.018547 seconds.
  path: Assets/Sunnyland/artwork/Sprites/Enemies/frog/idle/frog-idle-1.png
  artifactKey: Guid(86ca59b9bca0e409b9ba2784fbe69f01) Importer(815301076,1909f56bfc062723c751e8b465ee728b)
Start importing Assets/Sunnyland/artwork/Sprites/Enemies/frog/idle/frog-idle-1.png using Guid(86ca59b9bca0e409b9ba2784fbe69f01) Importer(815301076,1909f56bfc062723c751e8b465ee728b)  -> (artifact id: 'b514620ef7cfe4c80a86577994dd17ce') in 0.028999 seconds 
========================================================================
Received Import Request.
  Time since last request: 0.000093 seconds.
  path: Assets/Sunnyland/artwork/Sprites/Enemies/frog/idle/frog-idle-3.png
  artifactKey: Guid(662ace939438646e7a4067a89ec54b9e) Importer(815301076,1909f56bfc062723c751e8b465ee728b)
Start importing Assets/Sunnyland/artwork/Sprites/Enemies/frog/idle/frog-idle-3.png using Guid(662ace939438646e7a4067a89ec54b9e) Importer(815301076,1909f56bfc062723c751e8b465ee728b)  -> (artifact id: '4bf0e15448411f4417d5d2ab51874ccf') in 0.016115 seconds 
========================================================================
Received Import Request.
  Time since last request: 12.573731 seconds.
  path: Assets/Sunnyland/artwork/Sprites/Enemies/frog/jump/frog-jump-1.png
  artifactKey: Guid(54bcabc188c6640f1a298f013d4716df) Importer(815301076,1909f56bfc062723c751e8b465ee728b)
Start importing Assets/Sunnyland/artwork/Sprites/Enemies/frog/jump/frog-jump-1.png using Guid(54bcabc188c6640f1a298f013d4716df) Importer(815301076,1909f56bfc062723c751e8b465ee728b)  -> (artifact id: '59df2fd217fb2fa278bf3dae071161fa') in 0.024659 seconds 
========================================================================
Received Import Request.
  Time since last request: 40.347485 seconds.
  path: ProjectSettings/TagManager.asset
  artifactKey: Guid(00000000000000003000000000000000) Importer(815301076,1909f56bfc062723c751e8b465ee728b)
Start importing ProjectSettings/TagManager.asset using Guid(00000000000000003000000000000000) Importer(815301076,1909f56bfc062723c751e8b465ee728b)  -> (artifact id: 'b4c21433acbfbe1b6b1c30d13864151f') in 0.096093 seconds 
========================================================================
Received Prepare
Registering precompiled user dll's ...
Registered in 0.005628 seconds.
Begin MonoManager ReloadAssembly
Native extension for OSXStandalone target not found
Native extension for WebGL target not found
Refreshing native plugins compatible for Editor in 0.78 ms, found 3 plugins.
Preloading 0 native plugins for Editor in 0.00 ms.
Mono: successfully reloaded assembly
- Completed reload, in  1.396 seconds
Domain Reload Profiling:
	ReloadAssembly (1396ms)
		BeginReloadAssembly (165ms)
			ExecutionOrderSort (0ms)
			DisableScriptedObjects (9ms)
			BackupInstance (0ms)
			ReleaseScriptingObjects (0ms)
			CreateAndSetChildDomain (60ms)
		EndReloadAssembly (1109ms)
			LoadAssemblies (118ms)
			RebuildTransferFunctionScriptingTraits (0ms)
			SetupTypeCache (361ms)
			ReleaseScriptCaches (1ms)
			RebuildScriptCaches (55ms)
			SetupLoadedEditorAssemblies (507ms)
				LogAssemblyErrors (0ms)
				InitializePlatformSupportModulesInManaged (11ms)
				SetLoadedEditorAssemblies (1ms)
				RefreshPlugins (1ms)
				BeforeProcessingInitializeOnLoad (56ms)
				ProcessInitializeOnLoadAttributes (369ms)
				ProcessInitializeOnLoadMethodAttributes (68ms)
				AfterProcessingInitializeOnLoad (2ms)
				EditorAssembliesLoaded (0ms)
			ExecutionOrderSort2 (0ms)
			AwakeInstancesAfterBackupRestoration (9ms)
Platform modules already initialized, skipping
Refreshing native plugins compatible for Editor in 2.12 ms, found 3 plugins.
Preloading 0 native plugins for Editor in 0.00 ms.
Unloading 4858 Unused Serialized files (Serialized files now loaded: 0)
Unloading 22 unused Assets / (21.9 KB). Loaded Objects now: 5334.
Memory consumption went from 323.5 MB to 323.5 MB.
Total: 5.242301 ms (FindLiveObjects: 0.464925 ms CreateObjectMapping: 0.373498 ms MarkObjects: 4.374372 ms  DeleteObjects: 0.028013 ms)

AssetImportParameters requested are different than current active one (requested -> active):
  custom:video-decoder-ogg-theora: a1e56fd34408186e4bbccfd4996cb3dc -> 
  custom:container-muxer-webm: aa71ff27fc2769a1b78a27578f13a17b -> 
  custom:container-demuxer-webm: 4f35f7cbe854078d1ac9338744f61a02 -> 
  custom:video-encoder-webm-vp8: eb34c28f22e8b96e1ab97ce403110664 -> 
  custom:framework-osx-AVFoundation: e770b220cccbd017edd2c1fefb359320 -> 
  custom:audio-encoder-webm-vorbis: bf7c407c2cedff20999df2af8eb42d56 -> 
  custom:container-demuxer-ogg: 62fdf1f143b41e24485cea50d1cbac27 -> 
  custom:video-decoder-webm-vp8: 9c59270c3fd7afecdb556c50c9e8de78 -> 
  custom:audio-decoder-ogg-vorbis: bf7c407c2cedff20999df2af8eb42d56 -> 
========================================================================
Received Prepare
Registering precompiled user dll's ...
Registered in 0.004842 seconds.
Begin MonoManager ReloadAssembly
Native extension for OSXStandalone target not found
Native extension for WebGL target not found
Refreshing native plugins compatible for Editor in 0.77 ms, found 3 plugins.
Preloading 0 native plugins for Editor in 0.00 ms.
Mono: successfully reloaded assembly
- Completed reload, in  1.440 seconds
Domain Reload Profiling:
	ReloadAssembly (1441ms)
		BeginReloadAssembly (164ms)
			ExecutionOrderSort (0ms)
			DisableScriptedObjects (8ms)
			BackupInstance (0ms)
			ReleaseScriptingObjects (0ms)
			CreateAndSetChildDomain (50ms)
		EndReloadAssembly (1163ms)
			LoadAssemblies (113ms)
			RebuildTransferFunctionScriptingTraits (0ms)
			SetupTypeCache (350ms)
			ReleaseScriptCaches (1ms)
			RebuildScriptCaches (62ms)
			SetupLoadedEditorAssemblies (589ms)
				LogAssemblyErrors (0ms)
				InitializePlatformSupportModulesInManaged (12ms)
				SetLoadedEditorAssemblies (1ms)
				RefreshPlugins (1ms)
				BeforeProcessingInitializeOnLoad (58ms)
				ProcessInitializeOnLoadAttributes (453ms)
				ProcessInitializeOnLoadMethodAttributes (62ms)
				AfterProcessingInitializeOnLoad (2ms)
				EditorAssembliesLoaded (0ms)
			ExecutionOrderSort2 (0ms)
			AwakeInstancesAfterBackupRestoration (7ms)
Platform modules already initialized, skipping
Refreshing native plugins compatible for Editor in 3.74 ms, found 3 plugins.
Preloading 0 native plugins for Editor in 0.00 ms.
Unloading 4858 Unused Serialized files (Serialized files now loaded: 0)
Unloading 21 unused Assets / (22.5 KB). Loaded Objects now: 5336.
Memory consumption went from 323.7 MB to 323.7 MB.
Total: 4.091119 ms (FindLiveObjects: 0.442449 ms CreateObjectMapping: 0.320990 ms MarkObjects: 3.307786 ms  DeleteObjects: 0.019042 ms)

AssetImportParameters requested are different than current active one (requested -> active):
  custom:video-decoder-ogg-theora: a1e56fd34408186e4bbccfd4996cb3dc -> 
  custom:container-muxer-webm: aa71ff27fc2769a1b78a27578f13a17b -> 
  custom:container-demuxer-webm: 4f35f7cbe854078d1ac9338744f61a02 -> 
  custom:video-encoder-webm-vp8: eb34c28f22e8b96e1ab97ce403110664 -> 
  custom:framework-osx-AVFoundation: e770b220cccbd017edd2c1fefb359320 -> 
  custom:audio-encoder-webm-vorbis: bf7c407c2cedff20999df2af8eb42d56 -> 
  custom:container-demuxer-ogg: 62fdf1f143b41e24485cea50d1cbac27 -> 
  custom:video-decoder-webm-vp8: 9c59270c3fd7afecdb556c50c9e8de78 -> 
  custom:audio-decoder-ogg-vorbis: bf7c407c2cedff20999df2af8eb42d56 -> 
========================================================================
Received Import Request.
  Time since last request: 166.202048 seconds.
  path: Assets/Sunnyland/artwork/Sprites/Enemies/frog/jump/frog-jump-1.controller
  artifactKey: Guid(2035f28e99a9243f993f84e708dd5a56) Importer(815301076,1909f56bfc062723c751e8b465ee728b)
Start importing Assets/Sunnyland/artwork/Sprites/Enemies/frog/jump/frog-jump-1.controller using Guid(2035f28e99a9243f993f84e708dd5a56) Importer(815301076,1909f56bfc062723c751e8b465ee728b)  -> (artifact id: 'd5f7b27bd09c543ffa8cdc5ba34184ad') in 0.021707 seconds 
========================================================================
Received Prepare
Registering precompiled user dll's ...
Registered in 0.006144 seconds.
Begin MonoManager ReloadAssembly
Native extension for OSXStandalone target not found
Native extension for WebGL target not found
Refreshing native plugins compatible for Editor in 0.85 ms, found 3 plugins.
Preloading 0 native plugins for Editor in 0.00 ms.
Mono: successfully reloaded assembly
- Completed reload, in  1.465 seconds
Domain Reload Profiling:
	ReloadAssembly (1466ms)
		BeginReloadAssembly (212ms)
			ExecutionOrderSort (0ms)
			DisableScriptedObjects (10ms)
			BackupInstance (0ms)
			ReleaseScriptingObjects (0ms)
			CreateAndSetChildDomain (76ms)
		EndReloadAssembly (1131ms)
			LoadAssemblies (135ms)
			RebuildTransferFunctionScriptingTraits (0ms)
			SetupTypeCache (370ms)
			ReleaseScriptCaches (1ms)
			RebuildScriptCaches (70ms)
			SetupLoadedEditorAssemblies (509ms)
				LogAssemblyErrors (0ms)
				InitializePlatformSupportModulesInManaged (14ms)
				SetLoadedEditorAssemblies (1ms)
				RefreshPlugins (1ms)
				BeforeProcessingInitializeOnLoad (63ms)
				ProcessInitializeOnLoadAttributes (379ms)
				ProcessInitializeOnLoadMethodAttributes (49ms)
				AfterProcessingInitializeOnLoad (2ms)
				EditorAssembliesLoaded (0ms)
			ExecutionOrderSort2 (0ms)
			AwakeInstancesAfterBackupRestoration (7ms)
Platform modules already initialized, skipping
Refreshing native plugins compatible for Editor in 3.88 ms, found 3 plugins.
Preloading 0 native plugins for Editor in 0.00 ms.
Unloading 4858 Unused Serialized files (Serialized files now loaded: 0)
Unloading 21 unused Assets / (21.9 KB). Loaded Objects now: 5338.
Memory consumption went from 324.0 MB to 324.0 MB.
Total: 8.396655 ms (FindLiveObjects: 0.704324 ms CreateObjectMapping: 0.840907 ms MarkObjects: 6.803305 ms  DeleteObjects: 0.046766 ms)

AssetImportParameters requested are different than current active one (requested -> active):
  custom:video-decoder-ogg-theora: a1e56fd34408186e4bbccfd4996cb3dc -> 
  custom:container-muxer-webm: aa71ff27fc2769a1b78a27578f13a17b -> 
  custom:container-demuxer-webm: 4f35f7cbe854078d1ac9338744f61a02 -> 
  custom:video-encoder-webm-vp8: eb34c28f22e8b96e1ab97ce403110664 -> 
  custom:framework-osx-AVFoundation: e770b220cccbd017edd2c1fefb359320 -> 
  custom:audio-encoder-webm-vorbis: bf7c407c2cedff20999df2af8eb42d56 -> 
  custom:container-demuxer-ogg: 62fdf1f143b41e24485cea50d1cbac27 -> 
  custom:video-decoder-webm-vp8: 9c59270c3fd7afecdb556c50c9e8de78 -> 
  custom:audio-decoder-ogg-vorbis: bf7c407c2cedff20999df2af8eb42d56 -> 
========================================================================
Received Import Request.
  Time since last request: 154.631270 seconds.
  path: Assets/Sunnyland/artwork/Sprites/Enemies/frog/idle/idle.anim
  artifactKey: Guid(19834c4555df14272a3f26a23a52ee18) Importer(815301076,1909f56bfc062723c751e8b465ee728b)
Start importing Assets/Sunnyland/artwork/Sprites/Enemies/frog/idle/idle.anim using Guid(19834c4555df14272a3f26a23a52ee18) Importer(815301076,1909f56bfc062723c751e8b465ee728b)  -> (artifact id: '4585e25e6d105109cc9e81e2c17dfc63') in 0.021489 seconds 
========================================================================
Received Prepare
Registering precompiled user dll's ...
Registered in 0.005935 seconds.
Begin MonoManager ReloadAssembly
Native extension for OSXStandalone target not found
Native extension for WebGL target not found
Refreshing native plugins compatible for Editor in 0.99 ms, found 3 plugins.
Preloading 0 native plugins for Editor in 0.00 ms.
Mono: successfully reloaded assembly
- Completed reload, in  1.373 seconds
Domain Reload Profiling:
	ReloadAssembly (1374ms)
		BeginReloadAssembly (183ms)
			ExecutionOrderSort (0ms)
			DisableScriptedObjects (9ms)
			BackupInstance (0ms)
			ReleaseScriptingObjects (0ms)
			CreateAndSetChildDomain (59ms)
		EndReloadAssembly (1051ms)
			LoadAssemblies (131ms)
			RebuildTransferFunctionScriptingTraits (0ms)
			SetupTypeCache (352ms)
			ReleaseScriptCaches (1ms)
			RebuildScriptCaches (65ms)
			SetupLoadedEditorAssemblies (470ms)
				LogAssemblyErrors (0ms)
				InitializePlatformSupportModulesInManaged (13ms)
				SetLoadedEditorAssemblies (1ms)
				RefreshPlugins (1ms)
				BeforeProcessingInitializeOnLoad (60ms)
				ProcessInitializeOnLoadAttributes (347ms)
				ProcessInitializeOnLoadMethodAttributes (45ms)
				AfterProcessingInitializeOnLoad (2ms)
				EditorAssembliesLoaded (0ms)
			ExecutionOrderSort2 (0ms)
			AwakeInstancesAfterBackupRestoration (8ms)
Platform modules already initialized, skipping
Refreshing native plugins compatible for Editor in 2.14 ms, found 3 plugins.
Preloading 0 native plugins for Editor in 0.00 ms.
Unloading 4858 Unused Serialized files (Serialized files now loaded: 0)
Unloading 21 unused Assets / (22.0 KB). Loaded Objects now: 5340.
Memory consumption went from 324.3 MB to 324.3 MB.
Total: 4.758582 ms (FindLiveObjects: 0.462824 ms CreateObjectMapping: 0.394717 ms MarkObjects: 3.875530 ms  DeleteObjects: 0.024222 ms)

AssetImportParameters requested are different than current active one (requested -> active):
  custom:video-decoder-ogg-theora: a1e56fd34408186e4bbccfd4996cb3dc -> 
  custom:container-muxer-webm: aa71ff27fc2769a1b78a27578f13a17b -> 
  custom:container-demuxer-webm: 4f35f7cbe854078d1ac9338744f61a02 -> 
  custom:video-encoder-webm-vp8: eb34c28f22e8b96e1ab97ce403110664 -> 
  custom:framework-osx-AVFoundation: e770b220cccbd017edd2c1fefb359320 -> 
  custom:audio-encoder-webm-vorbis: bf7c407c2cedff20999df2af8eb42d56 -> 
  custom:container-demuxer-ogg: 62fdf1f143b41e24485cea50d1cbac27 -> 
  custom:video-decoder-webm-vp8: 9c59270c3fd7afecdb556c50c9e8de78 -> 
  custom:audio-decoder-ogg-vorbis: bf7c407c2cedff20999df2af8eb42d56 -> 
========================================================================
Received Import Request.
  Time since last request: 64.941934 seconds.
  path: Assets/Sunnyland/artwork/Sprites/Enemies/frog/idle/idle.anim
  artifactKey: Guid(19834c4555df14272a3f26a23a52ee18) Importer(815301076,1909f56bfc062723c751e8b465ee728b)
Start importing Assets/Sunnyland/artwork/Sprites/Enemies/frog/idle/idle.anim using Guid(19834c4555df14272a3f26a23a52ee18) Importer(815301076,1909f56bfc062723c751e8b465ee728b)  -> (artifact id: 'b286ad8afe915a2db0f4603525fa96c3') in 0.019371 seconds 
========================================================================
Received Prepare
Registering precompiled user dll's ...
Registered in 0.006047 seconds.
Begin MonoManager ReloadAssembly
Native extension for OSXStandalone target not found
Native extension for WebGL target not found
Refreshing native plugins compatible for Editor in 0.83 ms, found 3 plugins.
Preloading 0 native plugins for Editor in 0.00 ms.
Mono: successfully reloaded assembly
- Completed reload, in  1.600 seconds
Domain Reload Profiling:
	ReloadAssembly (1601ms)
		BeginReloadAssembly (166ms)
			ExecutionOrderSort (0ms)
			DisableScriptedObjects (11ms)
			BackupInstance (0ms)
			ReleaseScriptingObjects (0ms)
			CreateAndSetChildDomain (53ms)
		EndReloadAssembly (1312ms)
			LoadAssemblies (128ms)
			RebuildTransferFunctionScriptingTraits (0ms)
			SetupTypeCache (404ms)
			ReleaseScriptCaches (1ms)
			RebuildScriptCaches (73ms)
			SetupLoadedEditorAssemblies (637ms)
				LogAssemblyErrors (0ms)
				InitializePlatformSupportModulesInManaged (13ms)
				SetLoadedEditorAssemblies (1ms)
				RefreshPlugins (1ms)
				BeforeProcessingInitializeOnLoad (70ms)
				ProcessInitializeOnLoadAttributes (464ms)
				ProcessInitializeOnLoadMethodAttributes (86ms)
				AfterProcessingInitializeOnLoad (2ms)
				EditorAssembliesLoaded (0ms)
			ExecutionOrderSort2 (0ms)
			AwakeInstancesAfterBackupRestoration (9ms)
Platform modules already initialized, skipping
Refreshing native plugins compatible for Editor in 2.00 ms, found 3 plugins.
Preloading 0 native plugins for Editor in 0.00 ms.
Unloading 4858 Unused Serialized files (Serialized files now loaded: 0)
Unloading 21 unused Assets / (22.0 KB). Loaded Objects now: 5342.
Memory consumption went from 324.4 MB to 324.3 MB.
Total: 3.913053 ms (FindLiveObjects: 0.369409 ms CreateObjectMapping: 0.325310 ms MarkObjects: 3.196913 ms  DeleteObjects: 0.020405 ms)

AssetImportParameters requested are different than current active one (requested -> active):
  custom:video-decoder-ogg-theora: a1e56fd34408186e4bbccfd4996cb3dc -> 
  custom:container-muxer-webm: aa71ff27fc2769a1b78a27578f13a17b -> 
  custom:container-demuxer-webm: 4f35f7cbe854078d1ac9338744f61a02 -> 
  custom:video-encoder-webm-vp8: eb34c28f22e8b96e1ab97ce403110664 -> 
  custom:framework-osx-AVFoundation: e770b220cccbd017edd2c1fefb359320 -> 
  custom:audio-encoder-webm-vorbis: bf7c407c2cedff20999df2af8eb42d56 -> 
  custom:container-demuxer-ogg: 62fdf1f143b41e24485cea50d1cbac27 -> 
  custom:video-decoder-webm-vp8: 9c59270c3fd7afecdb556c50c9e8de78 -> 
  custom:audio-decoder-ogg-vorbis: bf7c407c2cedff20999df2af8eb42d56 -> 
========================================================================
Received Import Request.
  Time since last request: 34.418328 seconds.
  path: Assets/Sunnyland/artwork/Sprites/Enemies/frog/idle/idle.anim
  artifactKey: Guid(19834c4555df14272a3f26a23a52ee18) Importer(815301076,1909f56bfc062723c751e8b465ee728b)
Start importing Assets/Sunnyland/artwork/Sprites/Enemies/frog/idle/idle.anim using Guid(19834c4555df14272a3f26a23a52ee18) Importer(815301076,1909f56bfc062723c751e8b465ee728b)  -> (artifact id: '4ce8ae5c67a5aa911bd51e28aee7fc58') in 0.036290 seconds 
========================================================================
Received Prepare
Registering precompiled user dll's ...
Registered in 0.005624 seconds.
Begin MonoManager ReloadAssembly
Native extension for OSXStandalone target not found
Native extension for WebGL target not found
Refreshing native plugins compatible for Editor in 1.00 ms, found 3 plugins.
Preloading 0 native plugins for Editor in 0.00 ms.
Mono: successfully reloaded assembly
- Completed reload, in  1.485 seconds
Domain Reload Profiling:
	ReloadAssembly (1486ms)
		BeginReloadAssembly (174ms)
			ExecutionOrderSort (0ms)
			DisableScriptedObjects (11ms)
			BackupInstance (0ms)
			ReleaseScriptingObjects (0ms)
			CreateAndSetChildDomain (56ms)
		EndReloadAssembly (1194ms)
			LoadAssemblies (118ms)
			RebuildTransferFunctionScriptingTraits (0ms)
			SetupTypeCache (369ms)
			ReleaseScriptCaches (1ms)
			RebuildScriptCaches (66ms)
			SetupLoadedEditorAssemblies (592ms)
				LogAssemblyErrors (0ms)
				InitializePlatformSupportModulesInManaged (11ms)
				SetLoadedEditorAssemblies (1ms)
				RefreshPlugins (1ms)
				BeforeProcessingInitializeOnLoad (71ms)
				ProcessInitializeOnLoadAttributes (446ms)
				ProcessInitializeOnLoadMethodAttributes (60ms)
				AfterProcessingInitializeOnLoad (2ms)
				EditorAssembliesLoaded (0ms)
			ExecutionOrderSort2 (0ms)
			AwakeInstancesAfterBackupRestoration (8ms)
Platform modules already initialized, skipping
Refreshing native plugins compatible for Editor in 1.84 ms, found 3 plugins.
Preloading 0 native plugins for Editor in 0.00 ms.
Unloading 4858 Unused Serialized files (Serialized files now loaded: 0)
Unloading 21 unused Assets / (22.6 KB). Loaded Objects now: 5344.
Memory consumption went from 324.8 MB to 324.8 MB.
Total: 4.692505 ms (FindLiveObjects: 0.416066 ms CreateObjectMapping: 0.370420 ms MarkObjects: 3.880329 ms  DeleteObjects: 0.024599 ms)

AssetImportParameters requested are different than current active one (requested -> active):
  custom:video-decoder-ogg-theora: a1e56fd34408186e4bbccfd4996cb3dc -> 
  custom:container-muxer-webm: aa71ff27fc2769a1b78a27578f13a17b -> 
  custom:container-demuxer-webm: 4f35f7cbe854078d1ac9338744f61a02 -> 
  custom:video-encoder-webm-vp8: eb34c28f22e8b96e1ab97ce403110664 -> 
  custom:framework-osx-AVFoundation: e770b220cccbd017edd2c1fefb359320 -> 
  custom:audio-encoder-webm-vorbis: bf7c407c2cedff20999df2af8eb42d56 -> 
  custom:container-demuxer-ogg: 62fdf1f143b41e24485cea50d1cbac27 -> 
  custom:video-decoder-webm-vp8: 9c59270c3fd7afecdb556c50c9e8de78 -> 
  custom:audio-decoder-ogg-vorbis: bf7c407c2cedff20999df2af8eb42d56 -> 
========================================================================
Received Prepare
Registering precompiled user dll's ...
Registered in 0.005340 seconds.
Begin MonoManager ReloadAssembly
Native extension for OSXStandalone target not found
Native extension for WebGL target not found
Refreshing native plugins compatible for Editor in 1.13 ms, found 3 plugins.
Preloading 0 native plugins for Editor in 0.00 ms.
Mono: successfully reloaded assembly
- Completed reload, in  1.426 seconds
Domain Reload Profiling:
	ReloadAssembly (1427ms)
		BeginReloadAssembly (167ms)
			ExecutionOrderSort (0ms)
			DisableScriptedObjects (8ms)
			BackupInstance (0ms)
			ReleaseScriptingObjects (0ms)
			CreateAndSetChildDomain (55ms)
		EndReloadAssembly (1151ms)
			LoadAssemblies (115ms)
			RebuildTransferFunctionScriptingTraits (0ms)
			SetupTypeCache (347ms)
			ReleaseScriptCaches (1ms)
			RebuildScriptCaches (64ms)
			SetupLoadedEditorAssemblies (574ms)
				LogAssemblyErrors (0ms)
				InitializePlatformSupportModulesInManaged (12ms)
				SetLoadedEditorAssemblies (1ms)
				RefreshPlugins (1ms)
				BeforeProcessingInitializeOnLoad (67ms)
				ProcessInitializeOnLoadAttributes (437ms)
				ProcessInitializeOnLoadMethodAttributes (54ms)
				AfterProcessingInitializeOnLoad (2ms)
				EditorAssembliesLoaded (0ms)
			ExecutionOrderSort2 (0ms)
			AwakeInstancesAfterBackupRestoration (7ms)
Platform modules already initialized, skipping
Refreshing native plugins compatible for Editor in 2.88 ms, found 3 plugins.
Preloading 0 native plugins for Editor in 0.00 ms.
Unloading 4858 Unused Serialized files (Serialized files now loaded: 0)
Unloading 21 unused Assets / (22.0 KB). Loaded Objects now: 5346.
Memory consumption went from 325.2 MB to 325.1 MB.
Total: 4.152037 ms (FindLiveObjects: 0.392574 ms CreateObjectMapping: 0.292755 ms MarkObjects: 3.442984 ms  DeleteObjects: 0.022828 ms)

AssetImportParameters requested are different than current active one (requested -> active):
  custom:video-decoder-ogg-theora: a1e56fd34408186e4bbccfd4996cb3dc -> 
  custom:container-muxer-webm: aa71ff27fc2769a1b78a27578f13a17b -> 
  custom:container-demuxer-webm: 4f35f7cbe854078d1ac9338744f61a02 -> 
  custom:video-encoder-webm-vp8: eb34c28f22e8b96e1ab97ce403110664 -> 
  custom:framework-osx-AVFoundation: e770b220cccbd017edd2c1fefb359320 -> 
  custom:audio-encoder-webm-vorbis: bf7c407c2cedff20999df2af8eb42d56 -> 
  custom:container-demuxer-ogg: 62fdf1f143b41e24485cea50d1cbac27 -> 
  custom:video-decoder-webm-vp8: 9c59270c3fd7afecdb556c50c9e8de78 -> 
  custom:audio-decoder-ogg-vorbis: bf7c407c2cedff20999df2af8eb42d56 -> 
========================================================================
Received Import Request.
  Time since last request: 104.587298 seconds.
  path: Assets/Sunnyland/artwork/Sprites/Enemies/frog/idle/frog-idle-1.controller
  artifactKey: Guid(a68e90d109df743a787e19d7ffd7743e) Importer(815301076,1909f56bfc062723c751e8b465ee728b)
Start importing Assets/Sunnyland/artwork/Sprites/Enemies/frog/idle/frog-idle-1.controller using Guid(a68e90d109df743a787e19d7ffd7743e) Importer(815301076,1909f56bfc062723c751e8b465ee728b)  -> (artifact id: '0589a4218e9152e90761f63cd64c0fdc') in 0.026968 seconds 
========================================================================
Received Import Request.
  Time since last request: 94.333828 seconds.
  path: Assets/sunnyland woods/Sprites/enemies/ant/ant-1.png
  artifactKey: Guid(598dddb46df224677a143c1f0fb9fdc7) Importer(815301076,1909f56bfc062723c751e8b465ee728b)
Start importing Assets/sunnyland woods/Sprites/enemies/ant/ant-1.png using Guid(598dddb46df224677a143c1f0fb9fdc7) Importer(815301076,1909f56bfc062723c751e8b465ee728b)  -> (artifact id: '43558a2d859d456c4d5b54914d6bca43') in 0.068711 seconds 
========================================================================
Received Import Request.
  Time since last request: 0.000076 seconds.
  path: Assets/sunnyland woods/Sprites/enemies/ant/ant-4.png
  artifactKey: Guid(1dd5992278701470f8eedfe86cb6b255) Importer(815301076,1909f56bfc062723c751e8b465ee728b)
Start importing Assets/sunnyland woods/Sprites/enemies/ant/ant-4.png using Guid(1dd5992278701470f8eedfe86cb6b255) Importer(815301076,1909f56bfc062723c751e8b465ee728b)  -> (artifact id: '3442e1cd8a7e2cb598cfc9d4d383f2c6') in 0.023886 seconds 
========================================================================
Received Import Request.
  Time since last request: 0.002493 seconds.
  path: Assets/sunnyland woods/Sprites/enemies/ant/ant-7.png
  artifactKey: Guid(0474371668fe34fd7979887b58d66a28) Importer(815301076,1909f56bfc062723c751e8b465ee728b)
Start importing Assets/sunnyland woods/Sprites/enemies/ant/ant-7.png using Guid(0474371668fe34fd7979887b58d66a28) Importer(815301076,1909f56bfc062723c751e8b465ee728b)  -> (artifact id: 'aebfde741d2f6dcc3321bac7fcf63649') in 0.033433 seconds 
========================================================================
Received Import Request.
  Time since last request: 0.000102 seconds.
  path: Assets/sunnyland woods/Sprites/enemies/ant/ant-3.png
  artifactKey: Guid(f8f0db0ecdc3c4f8c81a2667f7302396) Importer(815301076,1909f56bfc062723c751e8b465ee728b)
Start importing Assets/sunnyland woods/Sprites/enemies/ant/ant-3.png using Guid(f8f0db0ecdc3c4f8c81a2667f7302396) Importer(815301076,1909f56bfc062723c751e8b465ee728b)  -> (artifact id: '936a2d70a72de65904c55208d3c49ebe') in 0.015730 seconds 
========================================================================
Received Import Request.
  Time since last request: 1.479169 seconds.
  path: Assets/sunnyland woods/Sprites/enemies/gator/gator-1.png
  artifactKey: Guid(feba801628e7f49e9a2dc04424fc9a08) Importer(815301076,1909f56bfc062723c751e8b465ee728b)
Start importing Assets/sunnyland woods/Sprites/enemies/gator/gator-1.png using Guid(feba801628e7f49e9a2dc04424fc9a08) Importer(815301076,1909f56bfc062723c751e8b465ee728b)  -> (artifact id: '57b24163f0dd46c9891f6db32f39c48e') in 0.016952 seconds 
========================================================================
Received Import Request.
  Time since last request: 0.000078 seconds.
  path: Assets/sunnyland woods/Sprites/enemies/gator/gator-3.png
  artifactKey: Guid(7c700abf81bce497d9638fc23a6f52c8) Importer(815301076,1909f56bfc062723c751e8b465ee728b)
Start importing Assets/sunnyland woods/Sprites/enemies/gator/gator-3.png using Guid(7c700abf81bce497d9638fc23a6f52c8) Importer(815301076,1909f56bfc062723c751e8b465ee728b)  -> (artifact id: 'd61a25d545597ea6c007b70245b0bf9c') in 0.039587 seconds 
========================================================================
Received Import Request.
  Time since last request: 1.838582 seconds.
  path: Assets/sunnyland woods/Sprites/enemies/grasshopper-fall/grasshopper-fall-1.png
  artifactKey: Guid(7d3bd225dd4ac4fda835a9a0abd072cc) Importer(815301076,1909f56bfc062723c751e8b465ee728b)
Start importing Assets/sunnyland woods/Sprites/enemies/grasshopper-fall/grasshopper-fall-1.png using Guid(7d3bd225dd4ac4fda835a9a0abd072cc) Importer(815301076,1909f56bfc062723c751e8b465ee728b)  -> (artifact id: 'ffbb98623abe35ded1c8abdafbedb0da') in 0.020016 seconds 
========================================================================
Received Import Request.
  Time since last request: 0.972484 seconds.
  path: Assets/sunnyland woods/Sprites/enemies/grasshopper-idle/grasshopper-idle-1.png
  artifactKey: Guid(fdad79f755db049cbb109d43f1264150) Importer(815301076,1909f56bfc062723c751e8b465ee728b)
Start importing Assets/sunnyland woods/Sprites/enemies/grasshopper-idle/grasshopper-idle-1.png using Guid(fdad79f755db049cbb109d43f1264150) Importer(815301076,1909f56bfc062723c751e8b465ee728b)  -> (artifact id: '3b94f9349f170c20c97eca143cddc463') in 0.026772 seconds 
========================================================================
Received Import Request.
  Time since last request: 0.000059 seconds.
  path: Assets/sunnyland woods/Sprites/enemies/grasshopper-idle/grasshopper-idle-3.png
  artifactKey: Guid(01550cb7e11824cf6b2cad3cb57c4373) Importer(815301076,1909f56bfc062723c751e8b465ee728b)
Start importing Assets/sunnyland woods/Sprites/enemies/grasshopper-idle/grasshopper-idle-3.png using Guid(01550cb7e11824cf6b2cad3cb57c4373) Importer(815301076,1909f56bfc062723c751e8b465ee728b)  -> (artifact id: '4f1b36025579282e6b1203a16c3f9345') in 0.042946 seconds 
========================================================================
Received Import Request.
  Time since last request: 1.679186 seconds.
  path: Assets/sunnyland woods/Sprites/enemies/grasshopper-jump/grasshopper-jump-1.png
  artifactKey: Guid(c8d882928434e4970b1a12d65455866d) Importer(815301076,1909f56bfc062723c751e8b465ee728b)
Start importing Assets/sunnyland woods/Sprites/enemies/grasshopper-jump/grasshopper-jump-1.png using Guid(c8d882928434e4970b1a12d65455866d) Importer(815301076,1909f56bfc062723c751e8b465ee728b)  -> (artifact id: '572dc984c0a1a6807430c61c9e7eff39') in 0.016890 seconds 
========================================================================
Received Import Request.
  Time since last request: 13.470348 seconds.
  path: Assets/sunnyland woods/Sprites/misc/acorn/acorn-1.png
  artifactKey: Guid(b6bd832411f65410381d33458375068a) Importer(815301076,1909f56bfc062723c751e8b465ee728b)
Start importing Assets/sunnyland woods/Sprites/misc/acorn/acorn-1.png using Guid(b6bd832411f65410381d33458375068a) Importer(815301076,1909f56bfc062723c751e8b465ee728b)  -> (artifact id: 'ca5981f9b31369817a293f8c308a5450') in 0.023201 seconds 
========================================================================
Received Import Request.
  Time since last request: 1.083675 seconds.
  path: Assets/sunnyland woods/Sprites/misc/enemy-death/enemy-death-1.png
  artifactKey: Guid(5d246f377945447498943b46dfea401c) Importer(815301076,1909f56bfc062723c751e8b465ee728b)
Start importing Assets/sunnyland woods/Sprites/misc/enemy-death/enemy-death-1.png using Guid(5d246f377945447498943b46dfea401c) Importer(815301076,1909f56bfc062723c751e8b465ee728b)  -> (artifact id: '489335762c61cdaf3ef92d0fda92046f') in 0.017131 seconds 
========================================================================
Received Import Request.
  Time since last request: 3.900241 seconds.
  path: Assets/sunnyland woods/Sprites/player/hurt/player-hurt-1.png
  artifactKey: Guid(a51d9a15e296245fe9909cf9ff78d88b) Importer(815301076,1909f56bfc062723c751e8b465ee728b)
Start importing Assets/sunnyland woods/Sprites/player/hurt/player-hurt-1.png using Guid(a51d9a15e296245fe9909cf9ff78d88b) Importer(815301076,1909f56bfc062723c751e8b465ee728b)  -> (artifact id: '8d1b242346ce2813aae1b49f3625f251') in 0.023122 seconds 
========================================================================
Received Import Request.
  Time since last request: 1.385858 seconds.
  path: Assets/sunnyland woods/Sprites/player/crouch/player-crouch-1.png
  artifactKey: Guid(ad70c57f1da884b38a25aa6a500cfdd5) Importer(815301076,1909f56bfc062723c751e8b465ee728b)
Start importing Assets/sunnyland woods/Sprites/player/crouch/player-crouch-1.png using Guid(ad70c57f1da884b38a25aa6a500cfdd5) Importer(815301076,1909f56bfc062723c751e8b465ee728b)  -> (artifact id: '90a311805671539ca1bccef0380939e4') in 0.018941 seconds 
========================================================================
Received Import Request.
  Time since last request: 4.633374 seconds.
  path: Assets/sunnyland woods/Sprites/player/idle/player-idle-1.png
  artifactKey: Guid(f00b4747e194d43ebba76abc9ea17f57) Importer(815301076,1909f56bfc062723c751e8b465ee728b)
Start importing Assets/sunnyland woods/Sprites/player/idle/player-idle-1.png using Guid(f00b4747e194d43ebba76abc9ea17f57) Importer(815301076,1909f56bfc062723c751e8b465ee728b)  -> (artifact id: '262bab199f1977e5e08c19d231e368f3') in 0.021726 seconds 
========================================================================
Received Import Request.
  Time since last request: 0.000071 seconds.
  path: Assets/sunnyland woods/Sprites/player/idle/player-idle-7.png
  artifactKey: Guid(ffa450555b05e40259e14f45b3d7c427) Importer(815301076,1909f56bfc062723c751e8b465ee728b)
Start importing Assets/sunnyland woods/Sprites/player/idle/player-idle-7.png using Guid(ffa450555b05e40259e14f45b3d7c427) Importer(815301076,1909f56bfc062723c751e8b465ee728b)  -> (artifact id: 'e049990d56233adcd3c2fb1a5937ebde') in 0.021151 seconds 
========================================================================
Received Import Request.
  Time since last request: 0.000069 seconds.
  path: Assets/sunnyland woods/Sprites/player/idle/player-idle-8.png
  artifactKey: Guid(aba71567efd404adf98458d20512bbcb) Importer(815301076,1909f56bfc062723c751e8b465ee728b)
Start importing Assets/sunnyland woods/Sprites/player/idle/player-idle-8.png using Guid(aba71567efd404adf98458d20512bbcb) Importer(815301076,1909f56bfc062723c751e8b465ee728b)  -> (artifact id: '86f8bf16e8e7a77bd751f699ad7c2ef2') in 0.021257 seconds 
========================================================================
Received Import Request.
  Time since last request: 1.252364 seconds.
  path: Assets/sunnyland woods/Sprites/player/jump/player-jump-1.png
  artifactKey: Guid(27fb3822c653a4aea8fc069335df61be) Importer(815301076,1909f56bfc062723c751e8b465ee728b)
Start importing Assets/sunnyland woods/Sprites/player/jump/player-jump-1.png using Guid(27fb3822c653a4aea8fc069335df61be) Importer(815301076,1909f56bfc062723c751e8b465ee728b)  -> (artifact id: '9cb8032bcc78b05908a6a686368ad125') in 0.022764 seconds 
========================================================================
Received Import Request.
  Time since last request: 1.014175 seconds.
  path: Assets/sunnyland woods/Sprites/player/run/player-run-1.png
  artifactKey: Guid(060cfe22d7728413eadda1be34972689) Importer(815301076,1909f56bfc062723c751e8b465ee728b)
Start importing Assets/sunnyland woods/Sprites/player/run/player-run-1.png using Guid(060cfe22d7728413eadda1be34972689) Importer(815301076,1909f56bfc062723c751e8b465ee728b)  -> (artifact id: '6273a6115d1f8b04e1a1a0bb059c3aa4') in 0.019905 seconds 
========================================================================
Received Import Request.
  Time since last request: 0.000075 seconds.
  path: Assets/sunnyland woods/Sprites/player/run/player-run-6.png
  artifactKey: Guid(c7a57623349a146bfbb36296b137ee86) Importer(815301076,1909f56bfc062723c751e8b465ee728b)
Start importing Assets/sunnyland woods/Sprites/player/run/player-run-6.png using Guid(c7a57623349a146bfbb36296b137ee86) Importer(815301076,1909f56bfc062723c751e8b465ee728b)  -> (artifact id: 'd0cd3b26ddabbaa65cef245070dd7592') in 0.027355 seconds 
========================================================================
Received Import Request.
  Time since last request: 29.370041 seconds.
  path: Assets/Sunny Land Forest Assets/Artwork/Sprites/enemies/piranha-plant/piranha-plant-1.png
  artifactKey: Guid(86afbf04432b34e1883a20f99f007881) Importer(815301076,1909f56bfc062723c751e8b465ee728b)
Start importing Assets/Sunny Land Forest Assets/Artwork/Sprites/enemies/piranha-plant/piranha-plant-1.png using Guid(86afbf04432b34e1883a20f99f007881) Importer(815301076,1909f56bfc062723c751e8b465ee728b)  -> (artifact id: '9460ac6397e866830faa323cc7c82555') in 0.021712 seconds 
========================================================================
Received Import Request.
  Time since last request: 1.398796 seconds.
  path: Assets/Sunny Land Forest Assets/Artwork/Sprites/enemies/piranha-plant-attack/piranha-plant-attack-1.png
  artifactKey: Guid(cabcb1993aa69468187283fe2f1525e7) Importer(815301076,1909f56bfc062723c751e8b465ee728b)
Start importing Assets/Sunny Land Forest Assets/Artwork/Sprites/enemies/piranha-plant-attack/piranha-plant-attack-1.png using Guid(cabcb1993aa69468187283fe2f1525e7) Importer(815301076,1909f56bfc062723c751e8b465ee728b)  -> (artifact id: 'fc7e1e59001d5312782627d89d3c1082') in 0.020060 seconds 
========================================================================
Received Import Request.
  Time since last request: 4.949809 seconds.
  path: Assets/Sunny Land Forest Assets/Artwork/Sprites/enemies/bee/bee-1.png
  artifactKey: Guid(b44ad350aab99416da042ed03d420869) Importer(815301076,1909f56bfc062723c751e8b465ee728b)
Start importing Assets/Sunny Land Forest Assets/Artwork/Sprites/enemies/bee/bee-1.png using Guid(b44ad350aab99416da042ed03d420869) Importer(815301076,1909f56bfc062723c751e8b465ee728b)  -> (artifact id: '648881e67492e117835a4ec2720daf0f') in 0.021990 seconds 
========================================================================
Received Import Request.
  Time since last request: 0.000066 seconds.
  path: Assets/Sunny Land Forest Assets/Artwork/Sprites/enemies/bee/bee-5.png
  artifactKey: Guid(28b10e96f632c42ac8e50d8bfa481408) Importer(815301076,1909f56bfc062723c751e8b465ee728b)
Start importing Assets/Sunny Land Forest Assets/Artwork/Sprites/enemies/bee/bee-5.png using Guid(28b10e96f632c42ac8e50d8bfa481408) Importer(815301076,1909f56bfc062723c751e8b465ee728b)  -> (artifact id: '78188ed4cfd24b22bbacc208301a9e6d') in 0.026871 seconds 
========================================================================
Received Import Request.
  Time since last request: 0.000079 seconds.
  path: Assets/Sunny Land Forest Assets/Artwork/Sprites/enemies/bee/bee-8.png
  artifactKey: Guid(e8a306ff172224d878af749a5e63deee) Importer(815301076,1909f56bfc062723c751e8b465ee728b)
Start importing Assets/Sunny Land Forest Assets/Artwork/Sprites/enemies/bee/bee-8.png using Guid(e8a306ff172224d878af749a5e63deee) Importer(815301076,1909f56bfc062723c751e8b465ee728b)  -> (artifact id: 'b8e535c04334fd4a77fb355d97a14db8') in 0.017385 seconds 
========================================================================
Received Import Request.
  Time since last request: 2.836925 seconds.
  path: Assets/Sunny Land Forest Assets/Artwork/Sprites/enemies/slug/slug-1.png
  artifactKey: Guid(6c38dfd7970ac4270aa8ba1f5d845cd0) Importer(815301076,1909f56bfc062723c751e8b465ee728b)
Start importing Assets/Sunny Land Forest Assets/Artwork/Sprites/enemies/slug/slug-1.png using Guid(6c38dfd7970ac4270aa8ba1f5d845cd0) Importer(815301076,1909f56bfc062723c751e8b465ee728b)  -> (artifact id: 'd67b14049cf0f9fa02d0f9818fca1106') in 0.018319 seconds 
Editor requested this worker to shutdown with reason: Scaling down because of idle timeout
AssetImportWorker is now disconnected from the server
Process exiting
